{"level":"info","message":"Listening on port 3800...","timestamp":"2020-08-31T01:49:08.327Z"}
{"level":"info","message":"Listening on port 3800...","timestamp":"2020-08-31T01:51:44.470Z"}
{"level":"info","message":"Connected to mongodb://localhost/rates_tests...","timestamp":"2020-08-31T01:51:46.505Z"}
{"level":"info","message":"Listening on port 3800...","timestamp":"2020-08-31T01:52:53.192Z"}
{"level":"info","message":"Connected to mongodb://localhost/rates_tests...","timestamp":"2020-08-31T01:52:55.258Z"}
{"message":"Cannot read property '_id' of undefined","stack":"TypeError: Cannot read property '_id' of undefined\n    at Object.keyGenerator (C:\\Users\\Ivan\\Code\\node-rates-app\\middleware\\rateLimit.js:8:21)\n    at rateLimit (C:\\Users\\Ivan\\Code\\node-rates-app\\node_modules\\express-rate-limit\\lib\\express-rate-limit.js:57:25)\n    at C:\\Users\\Ivan\\Code\\node-rates-app\\node_modules\\express-async-errors\\index.js:17:17\n    at Layer.handle [as handle_request] (C:\\Users\\Ivan\\Code\\node-rates-app\\node_modules\\express\\lib\\router\\layer.js:95:5)\n    at next (C:\\Users\\Ivan\\Code\\node-rates-app\\node_modules\\express\\lib\\router\\route.js:137:13)\n    at Route.dispatch (C:\\Users\\Ivan\\Code\\node-rates-app\\node_modules\\express\\lib\\router\\route.js:112:3)\n    at C:\\Users\\Ivan\\Code\\node-rates-app\\node_modules\\express-async-errors\\index.js:17:17\n    at Layer.handle [as handle_request] (C:\\Users\\Ivan\\Code\\node-rates-app\\node_modules\\express\\lib\\router\\layer.js:95:5)\n    at C:\\Users\\Ivan\\Code\\node-rates-app\\node_modules\\express\\lib\\router\\index.js:281:22\n    at param (C:\\Users\\Ivan\\Code\\node-rates-app\\node_modules\\express\\lib\\router\\index.js:354:14)\n    at param (C:\\Users\\Ivan\\Code\\node-rates-app\\node_modules\\express\\lib\\router\\index.js:365:14)\n    at Function.process_params (C:\\Users\\Ivan\\Code\\node-rates-app\\node_modules\\express\\lib\\router\\index.js:410:3)\n    at next (C:\\Users\\Ivan\\Code\\node-rates-app\\node_modules\\express\\lib\\router\\index.js:275:10)\n    at Function.handle (C:\\Users\\Ivan\\Code\\node-rates-app\\node_modules\\express\\lib\\router\\index.js:174:3)\n    at router (C:\\Users\\Ivan\\Code\\node-rates-app\\node_modules\\express\\lib\\router\\index.js:47:12)\n    at C:\\Users\\Ivan\\Code\\node-rates-app\\node_modules\\express-async-errors\\index.js:17:17","level":"error","timestamp":"2020-08-31T01:53:57.425Z"}
{"level":"info","message":"Listening on port 3800...","timestamp":"2020-08-31T01:54:26.076Z"}
{"message":"Request failed with status code 400","stack":"Error: Request failed with status code 400\n    at createError (C:\\Users\\Ivan\\Code\\node-rates-app\\node_modules\\axios\\lib\\core\\createError.js:16:15)\n    at settle (C:\\Users\\Ivan\\Code\\node-rates-app\\node_modules\\axios\\lib\\core\\settle.js:17:12)\n    at IncomingMessage.handleStreamEnd (C:\\Users\\Ivan\\Code\\node-rates-app\\node_modules\\axios\\lib\\adapters\\http.js:236:11)\n    at IncomingMessage.emit (events.js:322:22)\n    at endReadableNT (_stream_readable.js:1187:12)\n    at processTicksAndRejections (internal/process/task_queues.js:84:21)","config":{"url":"https://restcountries.eu/rest/v2/name/Åland Islands?fullText=true","method":"get","headers":{"Accept":"application/json, text/plain, */*","User-Agent":"axios/0.19.2"},"transformRequest":[null],"transformResponse":[null],"timeout":0,"xsrfCookieName":"XSRF-TOKEN","xsrfHeaderName":"X-XSRF-TOKEN","maxContentLength":-1}}
{"level":"info","message":"Connected to mongodb://localhost/rates_tests...","timestamp":"2020-08-31T01:54:28.119Z"}
{"level":"info","message":"Listening on port 3800...","timestamp":"2020-08-31T01:55:30.185Z"}
{"level":"info","message":"Connected to mongodb://localhost/rates_tests...","timestamp":"2020-08-31T01:55:32.228Z"}
{"level":"info","message":"Listening on port 3800...","timestamp":"2020-08-31T01:56:09.457Z"}
{"level":"info","message":"Connected to mongodb://localhost/rates_tests...","timestamp":"2020-08-31T01:56:11.496Z"}
{"level":"info","message":"Listening on port 3800...","timestamp":"2020-08-31T01:56:18.079Z"}
{"message":"Request failed with status code 400","stack":"Error: Request failed with status code 400\n    at createError (C:\\Users\\Ivan\\Code\\node-rates-app\\node_modules\\axios\\lib\\core\\createError.js:16:15)\n    at settle (C:\\Users\\Ivan\\Code\\node-rates-app\\node_modules\\axios\\lib\\core\\settle.js:17:12)\n    at IncomingMessage.handleStreamEnd (C:\\Users\\Ivan\\Code\\node-rates-app\\node_modules\\axios\\lib\\adapters\\http.js:236:11)\n    at IncomingMessage.emit (events.js:322:22)\n    at endReadableNT (_stream_readable.js:1187:12)\n    at processTicksAndRejections (internal/process/task_queues.js:84:21)","config":{"url":"https://restcountries.eu/rest/v2/name/Åland Islands?fullText=true","method":"get","headers":{"Accept":"application/json, text/plain, */*","User-Agent":"axios/0.19.2"},"transformRequest":[null],"transformResponse":[null],"timeout":0,"xsrfCookieName":"XSRF-TOKEN","xsrfHeaderName":"X-XSRF-TOKEN","maxContentLength":-1}}
{"level":"info","message":"Connected to mongodb://localhost/rates_tests...","timestamp":"2020-08-31T01:56:20.125Z"}
{"level":"info","message":"Listening on port 3800...","timestamp":"2020-08-31T01:56:45.411Z"}
{"level":"info","message":"Connected to mongodb://localhost/rates_tests...","timestamp":"2020-08-31T01:56:47.489Z"}
{"message":"Request failed with status code 400","stack":"Error: Request failed with status code 400\n    at createError (C:\\Users\\Ivan\\Code\\node-rates-app\\node_modules\\axios\\lib\\core\\createError.js:16:15)\n    at settle (C:\\Users\\Ivan\\Code\\node-rates-app\\node_modules\\axios\\lib\\core\\settle.js:17:12)\n    at IncomingMessage.handleStreamEnd (C:\\Users\\Ivan\\Code\\node-rates-app\\node_modules\\axios\\lib\\adapters\\http.js:236:11)\n    at IncomingMessage.emit (events.js:322:22)\n    at endReadableNT (_stream_readable.js:1187:12)\n    at processTicksAndRejections (internal/process/task_queues.js:84:21)","config":{"url":"https://restcountries.eu/rest/v2/name/Åland Islands","method":"get","headers":{"Accept":"application/json, text/plain, */*","User-Agent":"axios/0.19.2"},"transformRequest":[null],"transformResponse":[null],"timeout":0,"xsrfCookieName":"XSRF-TOKEN","xsrfHeaderName":"X-XSRF-TOKEN","maxContentLength":-1}}
{"level":"info","message":"Listening on port 3800...","timestamp":"2020-08-31T01:57:28.252Z"}
{"level":"info","message":"Connected to mongodb://localhost/rates_tests...","timestamp":"2020-08-31T01:57:30.300Z"}
{"message":"Request failed with status code 400","stack":"Error: Request failed with status code 400\n    at createError (C:\\Users\\Ivan\\Code\\node-rates-app\\node_modules\\axios\\lib\\core\\createError.js:16:15)\n    at settle (C:\\Users\\Ivan\\Code\\node-rates-app\\node_modules\\axios\\lib\\core\\settle.js:17:12)\n    at IncomingMessage.handleStreamEnd (C:\\Users\\Ivan\\Code\\node-rates-app\\node_modules\\axios\\lib\\adapters\\http.js:236:11)\n    at IncomingMessage.emit (events.js:322:22)\n    at endReadableNT (_stream_readable.js:1187:12)\n    at processTicksAndRejections (internal/process/task_queues.js:84:21)","config":{"url":"https://restcountries.eu/rest/v2/name/Åland Islands","method":"get","headers":{"Accept":"application/json, text/plain, */*","User-Agent":"axios/0.19.2"},"transformRequest":[null],"transformResponse":[null],"timeout":0,"xsrfCookieName":"XSRF-TOKEN","xsrfHeaderName":"X-XSRF-TOKEN","maxContentLength":-1}}
{"level":"info","message":"Listening on port 3800...","timestamp":"2020-08-31T01:57:59.588Z"}
{"message":"Request failed with status code 400","stack":"Error: Request failed with status code 400\n    at createError (C:\\Users\\Ivan\\Code\\node-rates-app\\node_modules\\axios\\lib\\core\\createError.js:16:15)\n    at settle (C:\\Users\\Ivan\\Code\\node-rates-app\\node_modules\\axios\\lib\\core\\settle.js:17:12)\n    at IncomingMessage.handleStreamEnd (C:\\Users\\Ivan\\Code\\node-rates-app\\node_modules\\axios\\lib\\adapters\\http.js:236:11)\n    at IncomingMessage.emit (events.js:322:22)\n    at endReadableNT (_stream_readable.js:1187:12)\n    at processTicksAndRejections (internal/process/task_queues.js:84:21)","config":{"url":"https://restcountries.eu/rest/v2/name/ÅlandIslands","method":"get","headers":{"Accept":"application/json, text/plain, */*","User-Agent":"axios/0.19.2"},"transformRequest":[null],"transformResponse":[null],"timeout":0,"xsrfCookieName":"XSRF-TOKEN","xsrfHeaderName":"X-XSRF-TOKEN","maxContentLength":-1}}
{"level":"info","message":"Connected to mongodb://localhost/rates_tests...","timestamp":"2020-08-31T01:58:01.673Z"}
{"level":"info","message":"Listening on port 3800...","timestamp":"2020-08-31T01:58:15.428Z"}
{"level":"info","message":"Connected to mongodb://localhost/rates_tests...","timestamp":"2020-08-31T01:58:17.484Z"}
{"level":"info","message":"Listening on port 3800...","timestamp":"2020-08-31T01:59:04.206Z"}
{"level":"info","message":"Connected to mongodb://localhost/rates_tests...","timestamp":"2020-08-31T01:59:06.259Z"}
{"level":"info","message":"Listening on port 3800...","timestamp":"2020-08-31T02:00:23.148Z"}
{"level":"info","message":"Connected to mongodb://localhost/rates_tests...","timestamp":"2020-08-31T02:00:25.197Z"}
{"level":"info","message":"Listening on port 3800...","timestamp":"2020-08-31T02:02:49.221Z"}
{"level":"info","message":"Connected to mongodb://localhost/rates_tests...","timestamp":"2020-08-31T02:02:51.263Z"}
{"level":"info","message":"Listening on port 3800...","timestamp":"2020-08-31T02:03:46.770Z"}
{"level":"info","message":"Connected to mongodb://localhost/rates_tests...","timestamp":"2020-08-31T02:03:48.812Z"}
{"level":"info","message":"Listening on port 3800...","timestamp":"2020-08-31T02:05:46.572Z"}
{"level":"info","message":"Connected to mongodb://localhost/rates_tests...","timestamp":"2020-08-31T02:05:48.626Z"}
{"level":"info","message":"Listening on port 3800...","timestamp":"2020-08-31T02:07:31.055Z"}
{"level":"info","message":"Connected to mongodb://localhost/rates_tests...","timestamp":"2020-08-31T02:07:33.109Z"}
{"level":"info","message":"Listening on port 3800...","timestamp":"2020-08-31T02:08:11.795Z"}
{"level":"info","message":"Connected to mongodb://localhost/rates_tests...","timestamp":"2020-08-31T02:08:13.862Z"}
{"level":"info","message":"Listening on port 3800...","timestamp":"2020-08-31T02:08:23.897Z"}
{"level":"info","message":"Connected to mongodb://localhost/rates_tests...","timestamp":"2020-08-31T02:08:25.932Z"}
{"level":"info","message":"Listening on port 3800...","timestamp":"2020-08-31T02:09:34.120Z"}
{"level":"info","message":"Connected to mongodb://localhost/rates_tests...","timestamp":"2020-08-31T02:09:36.172Z"}
{"level":"info","message":"Listening on port 3800...","timestamp":"2020-08-31T02:09:53.386Z"}
{"level":"info","message":"Connected to mongodb://localhost/rates_tests...","timestamp":"2020-08-31T02:09:55.438Z"}
{"level":"info","message":"Listening on port 3800...","timestamp":"2020-08-31T02:15:28.993Z"}
{"level":"info","message":"Connected to mongodb://localhost/rates_tests...","timestamp":"2020-08-31T02:15:31.033Z"}
{"level":"info","message":"Listening on port 3800...","timestamp":"2020-08-31T02:15:36.487Z"}
{"level":"info","message":"Connected to mongodb://localhost/rates_tests...","timestamp":"2020-08-31T02:15:38.544Z"}
{"level":"info","message":"Listening on port 3800...","timestamp":"2020-08-31T03:04:21.493Z"}
{"level":"info","message":"Connected to mongodb://localhost/rates...","timestamp":"2020-08-31T03:04:23.521Z"}
{"level":"info","message":"Listening on port 3800...","timestamp":"2020-08-31T03:06:13.192Z"}
{"level":"info","message":"Connected to mongodb://localhost/rates...","timestamp":"2020-08-31T03:06:15.230Z"}
{"level":"info","message":"Listening on port 3800...","timestamp":"2020-08-31T03:06:24.306Z"}
{"level":"info","message":"Connected to mongodb://localhost/rates...","timestamp":"2020-08-31T03:06:26.353Z"}
{"level":"info","message":"Listening on port 3800...","timestamp":"2020-08-31T03:07:35.599Z"}
{"level":"info","message":"Connected to mongodb://localhost/rates...","timestamp":"2020-08-31T03:07:37.670Z"}
{"level":"info","message":"Listening on port 3800...","timestamp":"2020-08-31T03:12:12.227Z"}
{"level":"info","message":"Connected to mongodb://localhost/rates...","timestamp":"2020-08-31T03:12:14.301Z"}
{"level":"info","message":"Listening on port 3800...","timestamp":"2020-08-31T03:12:28.705Z"}
{"level":"info","message":"Connected to mongodb://localhost/rates...","timestamp":"2020-08-31T03:12:30.772Z"}
{"level":"info","message":"Listening on port 3800...","timestamp":"2020-08-31T03:13:09.739Z"}
{"level":"info","message":"Connected to mongodb://localhost/rates...","timestamp":"2020-08-31T03:13:11.808Z"}
{"level":"info","message":"Listening on port 3800...","timestamp":"2020-08-31T03:13:19.053Z"}
{"level":"info","message":"Connected to mongodb://localhost/rates...","timestamp":"2020-08-31T03:13:21.105Z"}
{"level":"info","message":"Listening on port 3800...","timestamp":"2020-08-31T03:13:30.546Z"}
{"level":"info","message":"Connected to mongodb://localhost/rates...","timestamp":"2020-08-31T03:13:32.609Z"}
{"level":"info","message":"Listening on port 3800...","timestamp":"2020-08-31T03:16:33.729Z"}
{"level":"info","message":"Connected to mongodb://localhost/rates...","timestamp":"2020-08-31T03:16:35.783Z"}
